<component name="libraryTable">
  <library name="junit-dep-4.9">
    <CLASSES>
      <root url="jar://$USER_HOME$/.gradle/caches/modules-2/files-2.1/junit/junit-dep/4.9/1013627e3993319870863a020034004717505815/junit-dep-4.9.jar!/" />
    </CLASSES>
    <JAVADOC />
    <SOURCES>
      <root url="jar://$USER_HOME$/.gradle/caches/modules-2/files-2.1/junit/junit-dep/4.9/84b903feddab2bd58f5ab2fc0c5c636df42df74d/junit-dep-4.9-sources.jar!/" />
    </SOURCES>
  </library>
</component>